00:12:00 **** Incremental Build of configuration Release for project Nexys-Video-DMA ****
make all 
'Building file: ../src/userio/userio.c'
'Invoking: MicroBlaze gcc compiler'
mb-gcc -Wall -O2 -IC:/Work/NVDMA/Nexys-Video-SW/src/Nexys-Video-DMA/src -c -fmessage-length=0 -MT"src/userio/userio.o" -IC:/Users/evanc/TESTUNZIP/532_project/Nexys-Video-DMA-hw.xpr/Nexys-Video-HW/top/export/top/sw/top/standalone_domain/bspinclude/include -mlittle-endian -mxl-pattern-compare -mno-xl-soft-div -mcpu=v11.0 -mno-xl-soft-mul -mhard-float -Wl,--no-relax -ffunction-sections -fdata-sections -MMD -MP -MF"src/userio/userio.d" -MT"src/userio/userio.o" -o "src/userio/userio.o" "../src/userio/userio.c"
'Finished building: ../src/userio/userio.c'
' '
'Building file: ../src/intc/intc.c'
'Invoking: MicroBlaze gcc compiler'
mb-gcc -Wall -O2 -IC:/Work/NVDMA/Nexys-Video-SW/src/Nexys-Video-DMA/src -c -fmessage-length=0 -MT"src/intc/intc.o" -IC:/Users/evanc/TESTUNZIP/532_project/Nexys-Video-DMA-hw.xpr/Nexys-Video-HW/top/export/top/sw/top/standalone_domain/bspinclude/include -mlittle-endian -mxl-pattern-compare -mno-xl-soft-div -mcpu=v11.0 -mno-xl-soft-mul -mhard-float -Wl,--no-relax -ffunction-sections -fdata-sections -MMD -MP -MF"src/intc/intc.d" -MT"src/intc/intc.o" -o "src/intc/intc.o" "../src/intc/intc.c"
'Finished building: ../src/intc/intc.c'
' '
'Building file: ../src/iic/iic.c'
'Invoking: MicroBlaze gcc compiler'
mb-gcc -Wall -O2 -IC:/Work/NVDMA/Nexys-Video-SW/src/Nexys-Video-DMA/src -c -fmessage-length=0 -MT"src/iic/iic.o" -IC:/Users/evanc/TESTUNZIP/532_project/Nexys-Video-DMA-hw.xpr/Nexys-Video-HW/top/export/top/sw/top/standalone_domain/bspinclude/include -mlittle-endian -mxl-pattern-compare -mno-xl-soft-div -mcpu=v11.0 -mno-xl-soft-mul -mhard-float -Wl,--no-relax -ffunction-sections -fdata-sections -MMD -MP -MF"src/iic/iic.d" -MT"src/iic/iic.o" -o "src/iic/iic.o" "../src/iic/iic.c"
'Finished building: ../src/iic/iic.c'
' '
'Building file: ../src/dma/dma.c'
'Invoking: MicroBlaze gcc compiler'
mb-gcc -Wall -O2 -IC:/Work/NVDMA/Nexys-Video-SW/src/Nexys-Video-DMA/src -c -fmessage-length=0 -MT"src/dma/dma.o" -IC:/Users/evanc/TESTUNZIP/532_project/Nexys-Video-DMA-hw.xpr/Nexys-Video-HW/top/export/top/sw/top/standalone_domain/bspinclude/include -mlittle-endian -mxl-pattern-compare -mno-xl-soft-div -mcpu=v11.0 -mno-xl-soft-mul -mhard-float -Wl,--no-relax -ffunction-sections -fdata-sections -MMD -MP -MF"src/dma/dma.d" -MT"src/dma/dma.o" -o "src/dma/dma.o" "../src/dma/dma.c"
'Finished building: ../src/dma/dma.c'
' '
'Building file: ../src/audio/audio.c'
'Invoking: MicroBlaze gcc compiler'
mb-gcc -Wall -O2 -IC:/Work/NVDMA/Nexys-Video-SW/src/Nexys-Video-DMA/src -c -fmessage-length=0 -MT"src/audio/audio.o" -IC:/Users/evanc/TESTUNZIP/532_project/Nexys-Video-DMA-hw.xpr/Nexys-Video-HW/top/export/top/sw/top/standalone_domain/bspinclude/include -mlittle-endian -mxl-pattern-compare -mno-xl-soft-div -mcpu=v11.0 -mno-xl-soft-mul -mhard-float -Wl,--no-relax -ffunction-sections -fdata-sections -MMD -MP -MF"src/audio/audio.d" -MT"src/audio/audio.o" -o "src/audio/audio.o" "../src/audio/audio.c"
'Finished building: ../src/audio/audio.c'
' '
'Building file: ../src/demo.c'
'Invoking: MicroBlaze gcc compiler'
mb-gcc -Wall -O2 -IC:/Work/NVDMA/Nexys-Video-SW/src/Nexys-Video-DMA/src -c -fmessage-length=0 -MT"src/demo.o" -IC:/Users/evanc/TESTUNZIP/532_project/Nexys-Video-DMA-hw.xpr/Nexys-Video-HW/top/export/top/sw/top/standalone_domain/bspinclude/include -mlittle-endian -mxl-pattern-compare -mno-xl-soft-div -mcpu=v11.0 -mno-xl-soft-mul -mhard-float -Wl,--no-relax -ffunction-sections -fdata-sections -MMD -MP -MF"src/demo.d" -MT"src/demo.o" -o "src/demo.o" "../src/demo.c"
'Finished building: ../src/demo.c'
' '
'Building file: ../src/platform.c'
'Invoking: MicroBlaze gcc compiler'
mb-gcc -Wall -O2 -IC:/Work/NVDMA/Nexys-Video-SW/src/Nexys-Video-DMA/src -c -fmessage-length=0 -MT"src/platform.o" -IC:/Users/evanc/TESTUNZIP/532_project/Nexys-Video-DMA-hw.xpr/Nexys-Video-HW/top/export/top/sw/top/standalone_domain/bspinclude/include -mlittle-endian -mxl-pattern-compare -mno-xl-soft-div -mcpu=v11.0 -mno-xl-soft-mul -mhard-float -Wl,--no-relax -ffunction-sections -fdata-sections -MMD -MP -MF"src/platform.d" -MT"src/platform.o" -o "src/platform.o" "../src/platform.c"
'Finished building: ../src/platform.c'
' '
make: *** No rule to make target 'C:/Work/NVDMA/Nexys-Video-SW/src/Nexys-Video-DMA/src/lscript.ld', needed by 'Nexys-Video-DMA.elf'.  Stop.

00:12:02 Build Finished (took 1s.699ms)

