Copyright 1986-2022 Xilinx, Inc. All Rights Reserved. Copyright 2022-2023 Advanced Micro Devices, Inc. All Rights Reserved.
---------------------------------------------------------------------------------------------------------------------------------------------
| Tool Version : Vivado v.2023.2 (win64) Build 4029153 Fri Oct 13 20:14:34 MDT 2023
| Date         : Tue Mar 25 10:01:54 2025
| Host         : 3JBS003-098F running 64-bit major release  (build 9200)
| Command      : upgrade_ip
| Device       : xc7a200tsbg484-1
---------------------------------------------------------------------------------------------------------------------------------------------

Upgrade Log for IP 'mod_signal_analysis_lpf_2_9'

1. Summary
----------

SUCCESS in the update of mod_signal_analysis_lpf_2_9 (xilinx.com:user:biquad_filter:1.0 (Rev. 2)) to current project options.






Copyright 1986-2022 Xilinx, Inc. All Rights Reserved. Copyright 2022-2023 Advanced Micro Devices, Inc. All Rights Reserved.
---------------------------------------------------------------------------------------------------------------------------------------------
| Tool Version : Vivado v.2023.2 (win64) Build 4029153 Fri Oct 13 20:14:34 MDT 2023
| Date         : Tue Mar 25 10:01:54 2025
| Host         : 3JBS003-098F running 64-bit major release  (build 9200)
| Command      : upgrade_ip
| Device       : xc7a200tsbg484-1
---------------------------------------------------------------------------------------------------------------------------------------------

Upgrade Log for IP 'mod_signal_analysis_lpf_2_8'

1. Summary
----------

SUCCESS in the update of mod_signal_analysis_lpf_2_8 (xilinx.com:user:biquad_filter:1.0 (Rev. 2)) to current project options.






Copyright 1986-2022 Xilinx, Inc. All Rights Reserved. Copyright 2022-2023 Advanced Micro Devices, Inc. All Rights Reserved.
---------------------------------------------------------------------------------------------------------------------------------------------
| Tool Version : Vivado v.2023.2 (win64) Build 4029153 Fri Oct 13 20:14:34 MDT 2023
| Date         : Tue Mar 25 10:01:54 2025
| Host         : 3JBS003-098F running 64-bit major release  (build 9200)
| Command      : upgrade_ip
| Device       : xc7a200tsbg484-1
---------------------------------------------------------------------------------------------------------------------------------------------

Upgrade Log for IP 'mod_signal_analysis_lpf_2_7'

1. Summary
----------

SUCCESS in the update of mod_signal_analysis_lpf_2_7 (xilinx.com:user:biquad_filter:1.0 (Rev. 2)) to current project options.






Copyright 1986-2022 Xilinx, Inc. All Rights Reserved. Copyright 2022-2023 Advanced Micro Devices, Inc. All Rights Reserved.
---------------------------------------------------------------------------------------------------------------------------------------------
| Tool Version : Vivado v.2023.2 (win64) Build 4029153 Fri Oct 13 20:14:34 MDT 2023
| Date         : Tue Mar 25 10:01:54 2025
| Host         : 3JBS003-098F running 64-bit major release  (build 9200)
| Command      : upgrade_ip
| Device       : xc7a200tsbg484-1
---------------------------------------------------------------------------------------------------------------------------------------------

Upgrade Log for IP 'mod_signal_analysis_lpf_2_6'

1. Summary
----------

SUCCESS in the update of mod_signal_analysis_lpf_2_6 (xilinx.com:user:biquad_filter:1.0 (Rev. 2)) to current project options.






Copyright 1986-2022 Xilinx, Inc. All Rights Reserved. Copyright 2022-2023 Advanced Micro Devices, Inc. All Rights Reserved.
---------------------------------------------------------------------------------------------------------------------------------------------
| Tool Version : Vivado v.2023.2 (win64) Build 4029153 Fri Oct 13 20:14:34 MDT 2023
| Date         : Tue Mar 25 10:01:54 2025
| Host         : 3JBS003-098F running 64-bit major release  (build 9200)
| Command      : upgrade_ip
| Device       : xc7a200tsbg484-1
---------------------------------------------------------------------------------------------------------------------------------------------

Upgrade Log for IP 'mod_signal_analysis_lpf_2_5'

1. Summary
----------

SUCCESS in the update of mod_signal_analysis_lpf_2_5 (xilinx.com:user:biquad_filter:1.0 (Rev. 2)) to current project options.






Copyright 1986-2022 Xilinx, Inc. All Rights Reserved. Copyright 2022-2023 Advanced Micro Devices, Inc. All Rights Reserved.
---------------------------------------------------------------------------------------------------------------------------------------------
| Tool Version : Vivado v.2023.2 (win64) Build 4029153 Fri Oct 13 20:14:34 MDT 2023
| Date         : Tue Mar 25 10:01:54 2025
| Host         : 3JBS003-098F running 64-bit major release  (build 9200)
| Command      : upgrade_ip
| Device       : xc7a200tsbg484-1
---------------------------------------------------------------------------------------------------------------------------------------------

Upgrade Log for IP 'mod_signal_analysis_lpf_2_4'

1. Summary
----------

SUCCESS in the update of mod_signal_analysis_lpf_2_4 (xilinx.com:user:biquad_filter:1.0 (Rev. 2)) to current project options.






Copyright 1986-2022 Xilinx, Inc. All Rights Reserved. Copyright 2022-2023 Advanced Micro Devices, Inc. All Rights Reserved.
---------------------------------------------------------------------------------------------------------------------------------------------
| Tool Version : Vivado v.2023.2 (win64) Build 4029153 Fri Oct 13 20:14:34 MDT 2023
| Date         : Tue Mar 25 10:01:54 2025
| Host         : 3JBS003-098F running 64-bit major release  (build 9200)
| Command      : upgrade_ip
| Device       : xc7a200tsbg484-1
---------------------------------------------------------------------------------------------------------------------------------------------

Upgrade Log for IP 'mod_signal_analysis_lpf_2_3'

1. Summary
----------

SUCCESS in the update of mod_signal_analysis_lpf_2_3 (xilinx.com:user:biquad_filter:1.0 (Rev. 2)) to current project options.






Copyright 1986-2022 Xilinx, Inc. All Rights Reserved. Copyright 2022-2023 Advanced Micro Devices, Inc. All Rights Reserved.
---------------------------------------------------------------------------------------------------------------------------------------------
| Tool Version : Vivado v.2023.2 (win64) Build 4029153 Fri Oct 13 20:14:34 MDT 2023
| Date         : Tue Mar 25 10:01:54 2025
| Host         : 3JBS003-098F running 64-bit major release  (build 9200)
| Command      : upgrade_ip
| Device       : xc7a200tsbg484-1
---------------------------------------------------------------------------------------------------------------------------------------------

Upgrade Log for IP 'mod_signal_analysis_lpf_2_23'

1. Summary
----------

SUCCESS in the update of mod_signal_analysis_lpf_2_23 (xilinx.com:user:biquad_filter:1.0 (Rev. 2)) to current project options.






Copyright 1986-2022 Xilinx, Inc. All Rights Reserved. Copyright 2022-2023 Advanced Micro Devices, Inc. All Rights Reserved.
---------------------------------------------------------------------------------------------------------------------------------------------
| Tool Version : Vivado v.2023.2 (win64) Build 4029153 Fri Oct 13 20:14:34 MDT 2023
| Date         : Tue Mar 25 10:01:54 2025
| Host         : 3JBS003-098F running 64-bit major release  (build 9200)
| Command      : upgrade_ip
| Device       : xc7a200tsbg484-1
---------------------------------------------------------------------------------------------------------------------------------------------

Upgrade Log for IP 'mod_signal_analysis_lpf_2_22'

1. Summary
----------

SUCCESS in the update of mod_signal_analysis_lpf_2_22 (xilinx.com:user:biquad_filter:1.0 (Rev. 2)) to current project options.






Copyright 1986-2022 Xilinx, Inc. All Rights Reserved. Copyright 2022-2023 Advanced Micro Devices, Inc. All Rights Reserved.
---------------------------------------------------------------------------------------------------------------------------------------------
| Tool Version : Vivado v.2023.2 (win64) Build 4029153 Fri Oct 13 20:14:34 MDT 2023
| Date         : Tue Mar 25 10:01:54 2025
| Host         : 3JBS003-098F running 64-bit major release  (build 9200)
| Command      : upgrade_ip
| Device       : xc7a200tsbg484-1
---------------------------------------------------------------------------------------------------------------------------------------------

Upgrade Log for IP 'mod_signal_analysis_lpf_2_21'

1. Summary
----------

SUCCESS in the update of mod_signal_analysis_lpf_2_21 (xilinx.com:user:biquad_filter:1.0 (Rev. 2)) to current project options.






Copyright 1986-2022 Xilinx, Inc. All Rights Reserved. Copyright 2022-2023 Advanced Micro Devices, Inc. All Rights Reserved.
---------------------------------------------------------------------------------------------------------------------------------------------
| Tool Version : Vivado v.2023.2 (win64) Build 4029153 Fri Oct 13 20:14:34 MDT 2023
| Date         : Tue Mar 25 10:01:54 2025
| Host         : 3JBS003-098F running 64-bit major release  (build 9200)
| Command      : upgrade_ip
| Device       : xc7a200tsbg484-1
---------------------------------------------------------------------------------------------------------------------------------------------

Upgrade Log for IP 'mod_signal_analysis_lpf_2_20'

1. Summary
----------

SUCCESS in the update of mod_signal_analysis_lpf_2_20 (xilinx.com:user:biquad_filter:1.0 (Rev. 2)) to current project options.






Copyright 1986-2022 Xilinx, Inc. All Rights Reserved. Copyright 2022-2023 Advanced Micro Devices, Inc. All Rights Reserved.
---------------------------------------------------------------------------------------------------------------------------------------------
| Tool Version : Vivado v.2023.2 (win64) Build 4029153 Fri Oct 13 20:14:34 MDT 2023
| Date         : Tue Mar 25 10:01:54 2025
| Host         : 3JBS003-098F running 64-bit major release  (build 9200)
| Command      : upgrade_ip
| Device       : xc7a200tsbg484-1
---------------------------------------------------------------------------------------------------------------------------------------------

Upgrade Log for IP 'mod_signal_analysis_lpf_2_2'

1. Summary
----------

SUCCESS in the update of mod_signal_analysis_lpf_2_2 (xilinx.com:user:biquad_filter:1.0 (Rev. 2)) to current project options.






Copyright 1986-2022 Xilinx, Inc. All Rights Reserved. Copyright 2022-2023 Advanced Micro Devices, Inc. All Rights Reserved.
---------------------------------------------------------------------------------------------------------------------------------------------
| Tool Version : Vivado v.2023.2 (win64) Build 4029153 Fri Oct 13 20:14:34 MDT 2023
| Date         : Tue Mar 25 10:01:54 2025
| Host         : 3JBS003-098F running 64-bit major release  (build 9200)
| Command      : upgrade_ip
| Device       : xc7a200tsbg484-1
---------------------------------------------------------------------------------------------------------------------------------------------

Upgrade Log for IP 'mod_signal_analysis_lpf_2_19'

1. Summary
----------

SUCCESS in the update of mod_signal_analysis_lpf_2_19 (xilinx.com:user:biquad_filter:1.0 (Rev. 2)) to current project options.






Copyright 1986-2022 Xilinx, Inc. All Rights Reserved. Copyright 2022-2023 Advanced Micro Devices, Inc. All Rights Reserved.
---------------------------------------------------------------------------------------------------------------------------------------------
| Tool Version : Vivado v.2023.2 (win64) Build 4029153 Fri Oct 13 20:14:34 MDT 2023
| Date         : Tue Mar 25 10:01:54 2025
| Host         : 3JBS003-098F running 64-bit major release  (build 9200)
| Command      : upgrade_ip
| Device       : xc7a200tsbg484-1
---------------------------------------------------------------------------------------------------------------------------------------------

Upgrade Log for IP 'mod_signal_analysis_lpf_2_18'

1. Summary
----------

SUCCESS in the update of mod_signal_analysis_lpf_2_18 (xilinx.com:user:biquad_filter:1.0 (Rev. 2)) to current project options.






Copyright 1986-2022 Xilinx, Inc. All Rights Reserved. Copyright 2022-2023 Advanced Micro Devices, Inc. All Rights Reserved.
---------------------------------------------------------------------------------------------------------------------------------------------
| Tool Version : Vivado v.2023.2 (win64) Build 4029153 Fri Oct 13 20:14:34 MDT 2023
| Date         : Tue Mar 25 10:01:54 2025
| Host         : 3JBS003-098F running 64-bit major release  (build 9200)
| Command      : upgrade_ip
| Device       : xc7a200tsbg484-1
---------------------------------------------------------------------------------------------------------------------------------------------

Upgrade Log for IP 'mod_signal_analysis_lpf_2_17'

1. Summary
----------

SUCCESS in the update of mod_signal_analysis_lpf_2_17 (xilinx.com:user:biquad_filter:1.0 (Rev. 2)) to current project options.






Copyright 1986-2022 Xilinx, Inc. All Rights Reserved. Copyright 2022-2023 Advanced Micro Devices, Inc. All Rights Reserved.
---------------------------------------------------------------------------------------------------------------------------------------------
| Tool Version : Vivado v.2023.2 (win64) Build 4029153 Fri Oct 13 20:14:34 MDT 2023
| Date         : Tue Mar 25 10:01:54 2025
| Host         : 3JBS003-098F running 64-bit major release  (build 9200)
| Command      : upgrade_ip
| Device       : xc7a200tsbg484-1
---------------------------------------------------------------------------------------------------------------------------------------------

Upgrade Log for IP 'mod_signal_analysis_lpf_2_16'

1. Summary
----------

SUCCESS in the update of mod_signal_analysis_lpf_2_16 (xilinx.com:user:biquad_filter:1.0 (Rev. 2)) to current project options.






Copyright 1986-2022 Xilinx, Inc. All Rights Reserved. Copyright 2022-2023 Advanced Micro Devices, Inc. All Rights Reserved.
---------------------------------------------------------------------------------------------------------------------------------------------
| Tool Version : Vivado v.2023.2 (win64) Build 4029153 Fri Oct 13 20:14:34 MDT 2023
| Date         : Tue Mar 25 10:01:54 2025
| Host         : 3JBS003-098F running 64-bit major release  (build 9200)
| Command      : upgrade_ip
| Device       : xc7a200tsbg484-1
---------------------------------------------------------------------------------------------------------------------------------------------

Upgrade Log for IP 'mod_signal_analysis_lpf_2_15'

1. Summary
----------

SUCCESS in the update of mod_signal_analysis_lpf_2_15 (xilinx.com:user:biquad_filter:1.0 (Rev. 2)) to current project options.






Copyright 1986-2022 Xilinx, Inc. All Rights Reserved. Copyright 2022-2023 Advanced Micro Devices, Inc. All Rights Reserved.
---------------------------------------------------------------------------------------------------------------------------------------------
| Tool Version : Vivado v.2023.2 (win64) Build 4029153 Fri Oct 13 20:14:34 MDT 2023
| Date         : Tue Mar 25 10:01:54 2025
| Host         : 3JBS003-098F running 64-bit major release  (build 9200)
| Command      : upgrade_ip
| Device       : xc7a200tsbg484-1
---------------------------------------------------------------------------------------------------------------------------------------------

Upgrade Log for IP 'mod_signal_analysis_lpf_2_14'

1. Summary
----------

SUCCESS in the update of mod_signal_analysis_lpf_2_14 (xilinx.com:user:biquad_filter:1.0 (Rev. 2)) to current project options.






Copyright 1986-2022 Xilinx, Inc. All Rights Reserved. Copyright 2022-2023 Advanced Micro Devices, Inc. All Rights Reserved.
---------------------------------------------------------------------------------------------------------------------------------------------
| Tool Version : Vivado v.2023.2 (win64) Build 4029153 Fri Oct 13 20:14:34 MDT 2023
| Date         : Tue Mar 25 10:01:54 2025
| Host         : 3JBS003-098F running 64-bit major release  (build 9200)
| Command      : upgrade_ip
| Device       : xc7a200tsbg484-1
---------------------------------------------------------------------------------------------------------------------------------------------

Upgrade Log for IP 'mod_signal_analysis_lpf_2_13'

1. Summary
----------

SUCCESS in the update of mod_signal_analysis_lpf_2_13 (xilinx.com:user:biquad_filter:1.0 (Rev. 2)) to current project options.






Copyright 1986-2022 Xilinx, Inc. All Rights Reserved. Copyright 2022-2023 Advanced Micro Devices, Inc. All Rights Reserved.
---------------------------------------------------------------------------------------------------------------------------------------------
| Tool Version : Vivado v.2023.2 (win64) Build 4029153 Fri Oct 13 20:14:34 MDT 2023
| Date         : Tue Mar 25 10:01:54 2025
| Host         : 3JBS003-098F running 64-bit major release  (build 9200)
| Command      : upgrade_ip
| Device       : xc7a200tsbg484-1
---------------------------------------------------------------------------------------------------------------------------------------------

Upgrade Log for IP 'mod_signal_analysis_lpf_2_12'

1. Summary
----------

SUCCESS in the update of mod_signal_analysis_lpf_2_12 (xilinx.com:user:biquad_filter:1.0 (Rev. 2)) to current project options.






Copyright 1986-2022 Xilinx, Inc. All Rights Reserved. Copyright 2022-2023 Advanced Micro Devices, Inc. All Rights Reserved.
---------------------------------------------------------------------------------------------------------------------------------------------
| Tool Version : Vivado v.2023.2 (win64) Build 4029153 Fri Oct 13 20:14:34 MDT 2023
| Date         : Tue Mar 25 10:01:54 2025
| Host         : 3JBS003-098F running 64-bit major release  (build 9200)
| Command      : upgrade_ip
| Device       : xc7a200tsbg484-1
---------------------------------------------------------------------------------------------------------------------------------------------

Upgrade Log for IP 'mod_signal_analysis_lpf_2_11'

1. Summary
----------

SUCCESS in the update of mod_signal_analysis_lpf_2_11 (xilinx.com:user:biquad_filter:1.0 (Rev. 2)) to current project options.






Copyright 1986-2022 Xilinx, Inc. All Rights Reserved. Copyright 2022-2023 Advanced Micro Devices, Inc. All Rights Reserved.
---------------------------------------------------------------------------------------------------------------------------------------------
| Tool Version : Vivado v.2023.2 (win64) Build 4029153 Fri Oct 13 20:14:34 MDT 2023
| Date         : Tue Mar 25 10:01:54 2025
| Host         : 3JBS003-098F running 64-bit major release  (build 9200)
| Command      : upgrade_ip
| Device       : xc7a200tsbg484-1
---------------------------------------------------------------------------------------------------------------------------------------------

Upgrade Log for IP 'mod_signal_analysis_lpf_2_10'

1. Summary
----------

SUCCESS in the update of mod_signal_analysis_lpf_2_10 (xilinx.com:user:biquad_filter:1.0 (Rev. 2)) to current project options.






Copyright 1986-2022 Xilinx, Inc. All Rights Reserved. Copyright 2022-2023 Advanced Micro Devices, Inc. All Rights Reserved.
---------------------------------------------------------------------------------------------------------------------------------------------
| Tool Version : Vivado v.2023.2 (win64) Build 4029153 Fri Oct 13 20:14:34 MDT 2023
| Date         : Tue Mar 25 10:01:54 2025
| Host         : 3JBS003-098F running 64-bit major release  (build 9200)
| Command      : upgrade_ip
| Device       : xc7a200tsbg484-1
---------------------------------------------------------------------------------------------------------------------------------------------

Upgrade Log for IP 'mod_signal_analysis_lpf_2_1'

1. Summary
----------

SUCCESS in the update of mod_signal_analysis_lpf_2_1 (xilinx.com:user:biquad_filter:1.0 (Rev. 2)) to current project options.






Copyright 1986-2022 Xilinx, Inc. All Rights Reserved. Copyright 2022-2023 Advanced Micro Devices, Inc. All Rights Reserved.
---------------------------------------------------------------------------------------------------------------------------------------------
| Tool Version : Vivado v.2023.2 (win64) Build 4029153 Fri Oct 13 20:14:34 MDT 2023
| Date         : Tue Mar 25 10:01:54 2025
| Host         : 3JBS003-098F running 64-bit major release  (build 9200)
| Command      : upgrade_ip
| Device       : xc7a200tsbg484-1
---------------------------------------------------------------------------------------------------------------------------------------------

Upgrade Log for IP 'mod_signal_analysis_lpf_1_9'

1. Summary
----------

SUCCESS in the update of mod_signal_analysis_lpf_1_9 (xilinx.com:user:biquad_filter:1.0 (Rev. 2)) to current project options.






Copyright 1986-2022 Xilinx, Inc. All Rights Reserved. Copyright 2022-2023 Advanced Micro Devices, Inc. All Rights Reserved.
---------------------------------------------------------------------------------------------------------------------------------------------
| Tool Version : Vivado v.2023.2 (win64) Build 4029153 Fri Oct 13 20:14:34 MDT 2023
| Date         : Tue Mar 25 10:01:54 2025
| Host         : 3JBS003-098F running 64-bit major release  (build 9200)
| Command      : upgrade_ip
| Device       : xc7a200tsbg484-1
---------------------------------------------------------------------------------------------------------------------------------------------

Upgrade Log for IP 'mod_signal_analysis_lpf_1_8'

1. Summary
----------

SUCCESS in the update of mod_signal_analysis_lpf_1_8 (xilinx.com:user:biquad_filter:1.0 (Rev. 2)) to current project options.






Copyright 1986-2022 Xilinx, Inc. All Rights Reserved. Copyright 2022-2023 Advanced Micro Devices, Inc. All Rights Reserved.
---------------------------------------------------------------------------------------------------------------------------------------------
| Tool Version : Vivado v.2023.2 (win64) Build 4029153 Fri Oct 13 20:14:34 MDT 2023
| Date         : Tue Mar 25 10:01:54 2025
| Host         : 3JBS003-098F running 64-bit major release  (build 9200)
| Command      : upgrade_ip
| Device       : xc7a200tsbg484-1
---------------------------------------------------------------------------------------------------------------------------------------------

Upgrade Log for IP 'mod_signal_analysis_lpf_1_7'

1. Summary
----------

SUCCESS in the update of mod_signal_analysis_lpf_1_7 (xilinx.com:user:biquad_filter:1.0 (Rev. 2)) to current project options.






Copyright 1986-2022 Xilinx, Inc. All Rights Reserved. Copyright 2022-2023 Advanced Micro Devices, Inc. All Rights Reserved.
---------------------------------------------------------------------------------------------------------------------------------------------
| Tool Version : Vivado v.2023.2 (win64) Build 4029153 Fri Oct 13 20:14:34 MDT 2023
| Date         : Tue Mar 25 10:01:54 2025
| Host         : 3JBS003-098F running 64-bit major release  (build 9200)
| Command      : upgrade_ip
| Device       : xc7a200tsbg484-1
---------------------------------------------------------------------------------------------------------------------------------------------

Upgrade Log for IP 'mod_signal_analysis_lpf_1_6'

1. Summary
----------

SUCCESS in the update of mod_signal_analysis_lpf_1_6 (xilinx.com:user:biquad_filter:1.0 (Rev. 2)) to current project options.






Copyright 1986-2022 Xilinx, Inc. All Rights Reserved. Copyright 2022-2023 Advanced Micro Devices, Inc. All Rights Reserved.
---------------------------------------------------------------------------------------------------------------------------------------------
| Tool Version : Vivado v.2023.2 (win64) Build 4029153 Fri Oct 13 20:14:34 MDT 2023
| Date         : Tue Mar 25 10:01:54 2025
| Host         : 3JBS003-098F running 64-bit major release  (build 9200)
| Command      : upgrade_ip
| Device       : xc7a200tsbg484-1
---------------------------------------------------------------------------------------------------------------------------------------------

Upgrade Log for IP 'mod_signal_analysis_lpf_1_5'

1. Summary
----------

SUCCESS in the update of mod_signal_analysis_lpf_1_5 (xilinx.com:user:biquad_filter:1.0 (Rev. 2)) to current project options.






Copyright 1986-2022 Xilinx, Inc. All Rights Reserved. Copyright 2022-2023 Advanced Micro Devices, Inc. All Rights Reserved.
---------------------------------------------------------------------------------------------------------------------------------------------
| Tool Version : Vivado v.2023.2 (win64) Build 4029153 Fri Oct 13 20:14:34 MDT 2023
| Date         : Tue Mar 25 10:01:54 2025
| Host         : 3JBS003-098F running 64-bit major release  (build 9200)
| Command      : upgrade_ip
| Device       : xc7a200tsbg484-1
---------------------------------------------------------------------------------------------------------------------------------------------

Upgrade Log for IP 'mod_signal_analysis_lpf_1_4'

1. Summary
----------

SUCCESS in the update of mod_signal_analysis_lpf_1_4 (xilinx.com:user:biquad_filter:1.0 (Rev. 2)) to current project options.






Copyright 1986-2022 Xilinx, Inc. All Rights Reserved. Copyright 2022-2023 Advanced Micro Devices, Inc. All Rights Reserved.
---------------------------------------------------------------------------------------------------------------------------------------------
| Tool Version : Vivado v.2023.2 (win64) Build 4029153 Fri Oct 13 20:14:34 MDT 2023
| Date         : Tue Mar 25 10:01:54 2025
| Host         : 3JBS003-098F running 64-bit major release  (build 9200)
| Command      : upgrade_ip
| Device       : xc7a200tsbg484-1
---------------------------------------------------------------------------------------------------------------------------------------------

Upgrade Log for IP 'mod_signal_analysis_lpf_1_3'

1. Summary
----------

SUCCESS in the update of mod_signal_analysis_lpf_1_3 (xilinx.com:user:biquad_filter:1.0 (Rev. 2)) to current project options.






Copyright 1986-2022 Xilinx, Inc. All Rights Reserved. Copyright 2022-2023 Advanced Micro Devices, Inc. All Rights Reserved.
---------------------------------------------------------------------------------------------------------------------------------------------
| Tool Version : Vivado v.2023.2 (win64) Build 4029153 Fri Oct 13 20:14:34 MDT 2023
| Date         : Tue Mar 25 10:01:54 2025
| Host         : 3JBS003-098F running 64-bit major release  (build 9200)
| Command      : upgrade_ip
| Device       : xc7a200tsbg484-1
---------------------------------------------------------------------------------------------------------------------------------------------

Upgrade Log for IP 'mod_signal_analysis_lpf_1_24'

1. Summary
----------

SUCCESS in the update of mod_signal_analysis_lpf_1_24 (xilinx.com:user:biquad_filter:1.0 (Rev. 2)) to current project options.






Copyright 1986-2022 Xilinx, Inc. All Rights Reserved. Copyright 2022-2023 Advanced Micro Devices, Inc. All Rights Reserved.
---------------------------------------------------------------------------------------------------------------------------------------------
| Tool Version : Vivado v.2023.2 (win64) Build 4029153 Fri Oct 13 20:14:34 MDT 2023
| Date         : Tue Mar 25 10:01:54 2025
| Host         : 3JBS003-098F running 64-bit major release  (build 9200)
| Command      : upgrade_ip
| Device       : xc7a200tsbg484-1
---------------------------------------------------------------------------------------------------------------------------------------------

Upgrade Log for IP 'mod_signal_analysis_lpf_1_23'

1. Summary
----------

SUCCESS in the update of mod_signal_analysis_lpf_1_23 (xilinx.com:user:biquad_filter:1.0 (Rev. 2)) to current project options.






Copyright 1986-2022 Xilinx, Inc. All Rights Reserved. Copyright 2022-2023 Advanced Micro Devices, Inc. All Rights Reserved.
---------------------------------------------------------------------------------------------------------------------------------------------
| Tool Version : Vivado v.2023.2 (win64) Build 4029153 Fri Oct 13 20:14:34 MDT 2023
| Date         : Tue Mar 25 10:01:54 2025
| Host         : 3JBS003-098F running 64-bit major release  (build 9200)
| Command      : upgrade_ip
| Device       : xc7a200tsbg484-1
---------------------------------------------------------------------------------------------------------------------------------------------

Upgrade Log for IP 'mod_signal_analysis_lpf_1_22'

1. Summary
----------

SUCCESS in the update of mod_signal_analysis_lpf_1_22 (xilinx.com:user:biquad_filter:1.0 (Rev. 2)) to current project options.






Copyright 1986-2022 Xilinx, Inc. All Rights Reserved. Copyright 2022-2023 Advanced Micro Devices, Inc. All Rights Reserved.
---------------------------------------------------------------------------------------------------------------------------------------------
| Tool Version : Vivado v.2023.2 (win64) Build 4029153 Fri Oct 13 20:14:34 MDT 2023
| Date         : Tue Mar 25 10:01:54 2025
| Host         : 3JBS003-098F running 64-bit major release  (build 9200)
| Command      : upgrade_ip
| Device       : xc7a200tsbg484-1
---------------------------------------------------------------------------------------------------------------------------------------------

Upgrade Log for IP 'mod_signal_analysis_lpf_1_21'

1. Summary
----------

SUCCESS in the update of mod_signal_analysis_lpf_1_21 (xilinx.com:user:biquad_filter:1.0 (Rev. 2)) to current project options.






Copyright 1986-2022 Xilinx, Inc. All Rights Reserved. Copyright 2022-2023 Advanced Micro Devices, Inc. All Rights Reserved.
---------------------------------------------------------------------------------------------------------------------------------------------
| Tool Version : Vivado v.2023.2 (win64) Build 4029153 Fri Oct 13 20:14:34 MDT 2023
| Date         : Tue Mar 25 10:01:54 2025
| Host         : 3JBS003-098F running 64-bit major release  (build 9200)
| Command      : upgrade_ip
| Device       : xc7a200tsbg484-1
---------------------------------------------------------------------------------------------------------------------------------------------

Upgrade Log for IP 'mod_signal_analysis_lpf_1_20'

1. Summary
----------

SUCCESS in the update of mod_signal_analysis_lpf_1_20 (xilinx.com:user:biquad_filter:1.0 (Rev. 2)) to current project options.






Copyright 1986-2022 Xilinx, Inc. All Rights Reserved. Copyright 2022-2023 Advanced Micro Devices, Inc. All Rights Reserved.
---------------------------------------------------------------------------------------------------------------------------------------------
| Tool Version : Vivado v.2023.2 (win64) Build 4029153 Fri Oct 13 20:14:34 MDT 2023
| Date         : Tue Mar 25 10:01:54 2025
| Host         : 3JBS003-098F running 64-bit major release  (build 9200)
| Command      : upgrade_ip
| Device       : xc7a200tsbg484-1
---------------------------------------------------------------------------------------------------------------------------------------------

Upgrade Log for IP 'mod_signal_analysis_lpf_1_2'

1. Summary
----------

SUCCESS in the update of mod_signal_analysis_lpf_1_2 (xilinx.com:user:biquad_filter:1.0 (Rev. 2)) to current project options.






Copyright 1986-2022 Xilinx, Inc. All Rights Reserved. Copyright 2022-2023 Advanced Micro Devices, Inc. All Rights Reserved.
---------------------------------------------------------------------------------------------------------------------------------------------
| Tool Version : Vivado v.2023.2 (win64) Build 4029153 Fri Oct 13 20:14:34 MDT 2023
| Date         : Tue Mar 25 10:01:54 2025
| Host         : 3JBS003-098F running 64-bit major release  (build 9200)
| Command      : upgrade_ip
| Device       : xc7a200tsbg484-1
---------------------------------------------------------------------------------------------------------------------------------------------

Upgrade Log for IP 'mod_signal_analysis_lpf_1_19'

1. Summary
----------

SUCCESS in the update of mod_signal_analysis_lpf_1_19 (xilinx.com:user:biquad_filter:1.0 (Rev. 2)) to current project options.






Copyright 1986-2022 Xilinx, Inc. All Rights Reserved. Copyright 2022-2023 Advanced Micro Devices, Inc. All Rights Reserved.
---------------------------------------------------------------------------------------------------------------------------------------------
| Tool Version : Vivado v.2023.2 (win64) Build 4029153 Fri Oct 13 20:14:34 MDT 2023
| Date         : Tue Mar 25 10:01:54 2025
| Host         : 3JBS003-098F running 64-bit major release  (build 9200)
| Command      : upgrade_ip
| Device       : xc7a200tsbg484-1
---------------------------------------------------------------------------------------------------------------------------------------------

Upgrade Log for IP 'mod_signal_analysis_lpf_1_18'

1. Summary
----------

SUCCESS in the update of mod_signal_analysis_lpf_1_18 (xilinx.com:user:biquad_filter:1.0 (Rev. 2)) to current project options.






Copyright 1986-2022 Xilinx, Inc. All Rights Reserved. Copyright 2022-2023 Advanced Micro Devices, Inc. All Rights Reserved.
---------------------------------------------------------------------------------------------------------------------------------------------
| Tool Version : Vivado v.2023.2 (win64) Build 4029153 Fri Oct 13 20:14:34 MDT 2023
| Date         : Tue Mar 25 10:01:54 2025
| Host         : 3JBS003-098F running 64-bit major release  (build 9200)
| Command      : upgrade_ip
| Device       : xc7a200tsbg484-1
---------------------------------------------------------------------------------------------------------------------------------------------

Upgrade Log for IP 'mod_signal_analysis_lpf_1_17'

1. Summary
----------

SUCCESS in the update of mod_signal_analysis_lpf_1_17 (xilinx.com:user:biquad_filter:1.0 (Rev. 2)) to current project options.






Copyright 1986-2022 Xilinx, Inc. All Rights Reserved. Copyright 2022-2023 Advanced Micro Devices, Inc. All Rights Reserved.
---------------------------------------------------------------------------------------------------------------------------------------------
| Tool Version : Vivado v.2023.2 (win64) Build 4029153 Fri Oct 13 20:14:34 MDT 2023
| Date         : Tue Mar 25 10:01:54 2025
| Host         : 3JBS003-098F running 64-bit major release  (build 9200)
| Command      : upgrade_ip
| Device       : xc7a200tsbg484-1
---------------------------------------------------------------------------------------------------------------------------------------------

Upgrade Log for IP 'mod_signal_analysis_lpf_1_16'

1. Summary
----------

SUCCESS in the update of mod_signal_analysis_lpf_1_16 (xilinx.com:user:biquad_filter:1.0 (Rev. 2)) to current project options.






Copyright 1986-2022 Xilinx, Inc. All Rights Reserved. Copyright 2022-2023 Advanced Micro Devices, Inc. All Rights Reserved.
---------------------------------------------------------------------------------------------------------------------------------------------
| Tool Version : Vivado v.2023.2 (win64) Build 4029153 Fri Oct 13 20:14:34 MDT 2023
| Date         : Tue Mar 25 10:01:54 2025
| Host         : 3JBS003-098F running 64-bit major release  (build 9200)
| Command      : upgrade_ip
| Device       : xc7a200tsbg484-1
---------------------------------------------------------------------------------------------------------------------------------------------

Upgrade Log for IP 'mod_signal_analysis_lpf_1_15'

1. Summary
----------

SUCCESS in the update of mod_signal_analysis_lpf_1_15 (xilinx.com:user:biquad_filter:1.0 (Rev. 2)) to current project options.






Copyright 1986-2022 Xilinx, Inc. All Rights Reserved. Copyright 2022-2023 Advanced Micro Devices, Inc. All Rights Reserved.
---------------------------------------------------------------------------------------------------------------------------------------------
| Tool Version : Vivado v.2023.2 (win64) Build 4029153 Fri Oct 13 20:14:34 MDT 2023
| Date         : Tue Mar 25 10:01:53 2025
| Host         : 3JBS003-098F running 64-bit major release  (build 9200)
| Command      : upgrade_ip
| Device       : xc7a200tsbg484-1
---------------------------------------------------------------------------------------------------------------------------------------------

Upgrade Log for IP 'mod_signal_analysis_lpf_1_14'

1. Summary
----------

SUCCESS in the update of mod_signal_analysis_lpf_1_14 (xilinx.com:user:biquad_filter:1.0 (Rev. 2)) to current project options.






Copyright 1986-2022 Xilinx, Inc. All Rights Reserved. Copyright 2022-2023 Advanced Micro Devices, Inc. All Rights Reserved.
---------------------------------------------------------------------------------------------------------------------------------------------
| Tool Version : Vivado v.2023.2 (win64) Build 4029153 Fri Oct 13 20:14:34 MDT 2023
| Date         : Tue Mar 25 10:01:53 2025
| Host         : 3JBS003-098F running 64-bit major release  (build 9200)
| Command      : upgrade_ip
| Device       : xc7a200tsbg484-1
---------------------------------------------------------------------------------------------------------------------------------------------

Upgrade Log for IP 'mod_signal_analysis_lpf_1_13'

1. Summary
----------

SUCCESS in the update of mod_signal_analysis_lpf_1_13 (xilinx.com:user:biquad_filter:1.0 (Rev. 2)) to current project options.






Copyright 1986-2022 Xilinx, Inc. All Rights Reserved. Copyright 2022-2023 Advanced Micro Devices, Inc. All Rights Reserved.
---------------------------------------------------------------------------------------------------------------------------------------------
| Tool Version : Vivado v.2023.2 (win64) Build 4029153 Fri Oct 13 20:14:34 MDT 2023
| Date         : Tue Mar 25 10:01:53 2025
| Host         : 3JBS003-098F running 64-bit major release  (build 9200)
| Command      : upgrade_ip
| Device       : xc7a200tsbg484-1
---------------------------------------------------------------------------------------------------------------------------------------------

Upgrade Log for IP 'mod_signal_analysis_lpf_1_12'

1. Summary
----------

SUCCESS in the update of mod_signal_analysis_lpf_1_12 (xilinx.com:user:biquad_filter:1.0 (Rev. 2)) to current project options.






Copyright 1986-2022 Xilinx, Inc. All Rights Reserved. Copyright 2022-2023 Advanced Micro Devices, Inc. All Rights Reserved.
---------------------------------------------------------------------------------------------------------------------------------------------
| Tool Version : Vivado v.2023.2 (win64) Build 4029153 Fri Oct 13 20:14:34 MDT 2023
| Date         : Tue Mar 25 10:01:53 2025
| Host         : 3JBS003-098F running 64-bit major release  (build 9200)
| Command      : upgrade_ip
| Device       : xc7a200tsbg484-1
---------------------------------------------------------------------------------------------------------------------------------------------

Upgrade Log for IP 'mod_signal_analysis_lpf_1_11'

1. Summary
----------

SUCCESS in the update of mod_signal_analysis_lpf_1_11 (xilinx.com:user:biquad_filter:1.0 (Rev. 2)) to current project options.






Copyright 1986-2022 Xilinx, Inc. All Rights Reserved. Copyright 2022-2023 Advanced Micro Devices, Inc. All Rights Reserved.
---------------------------------------------------------------------------------------------------------------------------------------------
| Tool Version : Vivado v.2023.2 (win64) Build 4029153 Fri Oct 13 20:14:34 MDT 2023
| Date         : Tue Mar 25 10:01:53 2025
| Host         : 3JBS003-098F running 64-bit major release  (build 9200)
| Command      : upgrade_ip
| Device       : xc7a200tsbg484-1
---------------------------------------------------------------------------------------------------------------------------------------------

Upgrade Log for IP 'mod_signal_analysis_lpf_1_10'

1. Summary
----------

SUCCESS in the update of mod_signal_analysis_lpf_1_10 (xilinx.com:user:biquad_filter:1.0 (Rev. 2)) to current project options.






Copyright 1986-2022 Xilinx, Inc. All Rights Reserved. Copyright 2022-2023 Advanced Micro Devices, Inc. All Rights Reserved.
---------------------------------------------------------------------------------------------------------------------------------------------
| Tool Version : Vivado v.2023.2 (win64) Build 4029153 Fri Oct 13 20:14:34 MDT 2023
| Date         : Tue Mar 25 10:01:53 2025
| Host         : 3JBS003-098F running 64-bit major release  (build 9200)
| Command      : upgrade_ip
| Device       : xc7a200tsbg484-1
---------------------------------------------------------------------------------------------------------------------------------------------

Upgrade Log for IP 'mod_signal_analysis_lpf_1_0'

1. Summary
----------

SUCCESS in the update of mod_signal_analysis_lpf_1_0 (xilinx.com:user:biquad_filter:1.0 (Rev. 2)) to current project options.






Copyright 1986-2022 Xilinx, Inc. All Rights Reserved. Copyright 2022-2023 Advanced Micro Devices, Inc. All Rights Reserved.
---------------------------------------------------------------------------------------------------------------------------------------------
| Tool Version : Vivado v.2023.2 (win64) Build 4029153 Fri Oct 13 20:14:34 MDT 2023
| Date         : Tue Mar 25 10:01:53 2025
| Host         : 3JBS003-098F running 64-bit major release  (build 9200)
| Command      : upgrade_ip
| Device       : xc7a200tsbg484-1
---------------------------------------------------------------------------------------------------------------------------------------------

Upgrade Log for IP 'mod_signal_analysis_filterbank_0_1'

1. Summary
----------

SUCCESS in the update of mod_signal_analysis_filterbank_0_1 (xilinx.com:user:filterbank:1.0 (Rev. 2)) to current project options.






Copyright 1986-2022 Xilinx, Inc. All Rights Reserved. Copyright 2022-2023 Advanced Micro Devices, Inc. All Rights Reserved.
---------------------------------------------------------------------------------------------------------------------------------------------
| Tool Version : Vivado v.2023.2 (win64) Build 4029153 Fri Oct 13 20:14:34 MDT 2023
| Date         : Tue Mar 25 10:01:53 2025
| Host         : 3JBS003-098F running 64-bit major release  (build 9200)
| Command      : upgrade_ip
| Device       : xc7a200tsbg484-1
---------------------------------------------------------------------------------------------------------------------------------------------

Upgrade Log for IP 'mod_signal_analysis_filterbank_0_0'

1. Summary
----------

SUCCESS in the update of mod_signal_analysis_filterbank_0_0 (xilinx.com:user:filterbank:1.0 (Rev. 2)) to current project options.






Copyright 1986-2022 Xilinx, Inc. All Rights Reserved. Copyright 2022-2023 Advanced Micro Devices, Inc. All Rights Reserved.
---------------------------------------------------------------------------------------------------------------------------------------------
| Tool Version : Vivado v.2023.2 (win64) Build 4029153 Fri Oct 13 20:14:34 MDT 2023
| Date         : Tue Mar 25 10:01:53 2025
| Host         : 3JBS003-098F running 64-bit major release  (build 9200)
| Command      : upgrade_ip
| Device       : xc7a200tsbg484-1
---------------------------------------------------------------------------------------------------------------------------------------------

Upgrade Log for IP 'mod_signal_analysis_biquad_filter_0_0'

1. Summary
----------

SUCCESS in the update of mod_signal_analysis_biquad_filter_0_0 (xilinx.com:user:biquad_filter:1.0 (Rev. 2)) to current project options.






Copyright 1986-2022 Xilinx, Inc. All Rights Reserved. Copyright 2022-2023 Advanced Micro Devices, Inc. All Rights Reserved.
---------------------------------------------------------------------------------------------------------------------------------------------
| Tool Version : Vivado v.2023.2 (win64) Build 4029153 Fri Oct 13 20:14:34 MDT 2023
| Date         : Tue Mar 25 03:37:30 2025
| Host         : 3JBS003-098F running 64-bit major release  (build 9200)
| Command      : upgrade_ip
| Device       : xc7a200tsbg484-1
---------------------------------------------------------------------------------------------------------------------------------------------

Upgrade Log for IP 'design_1_mod_signal_analysis_0_0'

1. Summary
----------

SUCCESS in the upgrade of design_1_mod_signal_analysis_0_0 (xilinx.com:user:mod_signal_analysis:1.0) from (Rev. 3) to (Rev. 5)






Copyright 1986-2022 Xilinx, Inc. All Rights Reserved. Copyright 2022-2023 Advanced Micro Devices, Inc. All Rights Reserved.
---------------------------------------------------------------------------------------------------------------------------------------------
| Tool Version : Vivado v.2023.2 (win64) Build 4029153 Fri Oct 13 20:14:34 MDT 2023
| Date         : Tue Mar 25 01:25:14 2025
| Host         : 3JBS003-098F running 64-bit major release  (build 9200)
| Command      : upgrade_ip
| Device       : xc7a200tsbg484-1
---------------------------------------------------------------------------------------------------------------------------------------------

Upgrade Log for IP 'design_1_mod_signal_analysis_0_0'

1. Summary
----------

SUCCESS in the update of design_1_mod_signal_analysis_0_0 (xilinx.com:user:mod_signal_analysis:1.0 (Rev. 3)) to current project options.






Copyright 1986-2022 Xilinx, Inc. All Rights Reserved. Copyright 2022-2023 Advanced Micro Devices, Inc. All Rights Reserved.
---------------------------------------------------------------------------------------------------------------------------------------------
| Tool Version : Vivado v.2023.2 (win64) Build 4029153 Fri Oct 13 20:14:34 MDT 2023
| Date         : Tue Mar 25 01:24:11 2025
| Host         : 3JBS003-098F running 64-bit major release  (build 9200)
| Command      : upgrade_ip
| Device       : xc7a200tsbg484-1
---------------------------------------------------------------------------------------------------------------------------------------------

Upgrade Log for IP 'design_1_mod_signal_analysis_0_0'

1. Summary
----------

SUCCESS in the update of design_1_mod_signal_analysis_0_0 (xilinx.com:user:mod_signal_analysis:1.0 (Rev. 3)) to current project options.






Copyright 1986-2022 Xilinx, Inc. All Rights Reserved. Copyright 2022-2023 Advanced Micro Devices, Inc. All Rights Reserved.
---------------------------------------------------------------------------------------------------------------------------------------------
| Tool Version : Vivado v.2023.2 (win64) Build 4029153 Fri Oct 13 20:14:34 MDT 2023
| Date         : Mon Mar 10 21:44:21 2025
| Host         : 3JBS003-098F running 64-bit major release  (build 9200)
| Command      : upgrade_ip
| Device       : xc7a200tsbg484-1
---------------------------------------------------------------------------------------------------------------------------------------------

Upgrade Log for IP 'design_1_rst_mig_7series_0_100M_0'

1. Summary
----------

SUCCESS in the upgrade of design_1_rst_mig_7series_0_100M_0 (xilinx.com:ip:proc_sys_reset:5.0) from (Rev. 13) to (Rev. 14)






Copyright 1986-2022 Xilinx, Inc. All Rights Reserved. Copyright 2022-2023 Advanced Micro Devices, Inc. All Rights Reserved.
---------------------------------------------------------------------------------------------------------------------------------------------
| Tool Version : Vivado v.2023.2 (win64) Build 4029153 Fri Oct 13 20:14:34 MDT 2023
| Date         : Mon Mar 10 21:44:21 2025
| Host         : 3JBS003-098F running 64-bit major release  (build 9200)
| Command      : upgrade_ip
| Device       : xc7a200tsbg484-1
---------------------------------------------------------------------------------------------------------------------------------------------

Upgrade Log for IP 'design_1_rst_clk_wiz_1_100M_0'

1. Summary
----------

SUCCESS in the upgrade of design_1_rst_clk_wiz_1_100M_0 (xilinx.com:ip:proc_sys_reset:5.0) from (Rev. 13) to (Rev. 14)






Copyright 1986-2022 Xilinx, Inc. All Rights Reserved. Copyright 2022-2023 Advanced Micro Devices, Inc. All Rights Reserved.
---------------------------------------------------------------------------------------------------------------------------------------------
| Tool Version : Vivado v.2023.2 (win64) Build 4029153 Fri Oct 13 20:14:34 MDT 2023
| Date         : Mon Mar 10 21:44:21 2025
| Host         : 3JBS003-098F running 64-bit major release  (build 9200)
| Command      : upgrade_ip
| Device       : xc7a200tsbg484-1
---------------------------------------------------------------------------------------------------------------------------------------------

Upgrade Log for IP 'design_1_microblaze_0_xlconcat_0'

1. Summary
----------

SUCCESS in the upgrade of design_1_microblaze_0_xlconcat_0 (xilinx.com:ip:xlconcat:2.1) from (Rev. 4) to (Rev. 5)






Copyright 1986-2022 Xilinx, Inc. All Rights Reserved. Copyright 2022-2023 Advanced Micro Devices, Inc. All Rights Reserved.
---------------------------------------------------------------------------------------------------------------------------------------------
| Tool Version : Vivado v.2023.2 (win64) Build 4029153 Fri Oct 13 20:14:34 MDT 2023
| Date         : Mon Mar 10 21:44:21 2025
| Host         : 3JBS003-098F running 64-bit major release  (build 9200)
| Command      : upgrade_ip
| Device       : xc7a200tsbg484-1
---------------------------------------------------------------------------------------------------------------------------------------------

Upgrade Log for IP 'design_1_microblaze_0_axi_periph_0'

1. Summary
----------

SUCCESS in the upgrade of design_1_microblaze_0_axi_periph_0 (xilinx.com:ip:axi_interconnect:2.1) from (Rev. 29) to (Rev. 30)






Copyright 1986-2022 Xilinx, Inc. All Rights Reserved. Copyright 2022-2023 Advanced Micro Devices, Inc. All Rights Reserved.
---------------------------------------------------------------------------------------------------------------------------------------------
| Tool Version : Vivado v.2023.2 (win64) Build 4029153 Fri Oct 13 20:14:34 MDT 2023
| Date         : Mon Mar 10 21:44:21 2025
| Host         : 3JBS003-098F running 64-bit major release  (build 9200)
| Command      : upgrade_ip
| Device       : xc7a200tsbg484-1
---------------------------------------------------------------------------------------------------------------------------------------------

Upgrade Log for IP 'design_1_microblaze_0_axi_intc_0'

1. Summary
----------

SUCCESS in the upgrade of design_1_microblaze_0_axi_intc_0 (xilinx.com:ip:axi_intc:4.1) from (Rev. 17) to (Rev. 18)

2. Upgrade messages
-------------------

Set parameter C_IVAR_RESET_VALUE to value 0x0000000000000010 (source 'default')






Copyright 1986-2022 Xilinx, Inc. All Rights Reserved. Copyright 2022-2023 Advanced Micro Devices, Inc. All Rights Reserved.
---------------------------------------------------------------------------------------------------------------------------------------------
| Tool Version : Vivado v.2023.2 (win64) Build 4029153 Fri Oct 13 20:14:34 MDT 2023
| Date         : Mon Mar 10 21:44:21 2025
| Host         : 3JBS003-098F running 64-bit major release  (build 9200)
| Command      : upgrade_ip
| Device       : xc7a200tsbg484-1
---------------------------------------------------------------------------------------------------------------------------------------------

Upgrade Log for IP 'design_1_microblaze_0_0'

1. Summary
----------

SUCCESS in the upgrade of design_1_microblaze_0_0 (xilinx.com:ip:microblaze:11.0) from (Rev. 11) to (Rev. 12)






Copyright 1986-2022 Xilinx, Inc. All Rights Reserved. Copyright 2022-2023 Advanced Micro Devices, Inc. All Rights Reserved.
---------------------------------------------------------------------------------------------------------------------------------------------
| Tool Version : Vivado v.2023.2 (win64) Build 4029153 Fri Oct 13 20:14:34 MDT 2023
| Date         : Mon Mar 10 21:44:21 2025
| Host         : 3JBS003-098F running 64-bit major release  (build 9200)
| Command      : upgrade_ip
| Device       : xc7a200tsbg484-1
---------------------------------------------------------------------------------------------------------------------------------------------

Upgrade Log for IP 'design_1_mdm_1_0'

1. Summary
----------

SUCCESS in the upgrade of design_1_mdm_1_0 (xilinx.com:ip:mdm:3.2) from (Rev. 24) to (Rev. 25)

2. Upgrade messages
-------------------

Set parameter C_M_AXIS_ID_WIDTH to value 7 (source 'default')






Copyright 1986-2022 Xilinx, Inc. All Rights Reserved. Copyright 2022-2023 Advanced Micro Devices, Inc. All Rights Reserved.
---------------------------------------------------------------------------------------------------------------------------------------------
| Tool Version : Vivado v.2023.2 (win64) Build 4029153 Fri Oct 13 20:14:34 MDT 2023
| Date         : Mon Mar 10 21:44:21 2025
| Host         : 3JBS003-098F running 64-bit major release  (build 9200)
| Command      : upgrade_ip
| Device       : xc7a200tsbg484-1
---------------------------------------------------------------------------------------------------------------------------------------------

Upgrade Log for IP 'design_1_lmb_bram_0'

1. Summary
----------

SUCCESS in the upgrade of design_1_lmb_bram_0 (xilinx.com:ip:blk_mem_gen:8.4) from (Rev. 6) to (Rev. 7)






Copyright 1986-2022 Xilinx, Inc. All Rights Reserved. Copyright 2022-2023 Advanced Micro Devices, Inc. All Rights Reserved.
---------------------------------------------------------------------------------------------------------------------------------------------
| Tool Version : Vivado v.2023.2 (win64) Build 4029153 Fri Oct 13 20:14:34 MDT 2023
| Date         : Mon Mar 10 21:44:21 2025
| Host         : 3JBS003-098F running 64-bit major release  (build 9200)
| Command      : upgrade_ip
| Device       : xc7a200tsbg484-1
---------------------------------------------------------------------------------------------------------------------------------------------

Upgrade Log for IP 'design_1_ilmb_v10_0'

1. Summary
----------

SUCCESS in the upgrade of design_1_ilmb_v10_0 (xilinx.com:ip:lmb_v10:3.0) from (Rev. 12) to (Rev. 13)






Copyright 1986-2022 Xilinx, Inc. All Rights Reserved. Copyright 2022-2023 Advanced Micro Devices, Inc. All Rights Reserved.
---------------------------------------------------------------------------------------------------------------------------------------------
| Tool Version : Vivado v.2023.2 (win64) Build 4029153 Fri Oct 13 20:14:34 MDT 2023
| Date         : Mon Mar 10 21:44:21 2025
| Host         : 3JBS003-098F running 64-bit major release  (build 9200)
| Command      : upgrade_ip
| Device       : xc7a200tsbg484-1
---------------------------------------------------------------------------------------------------------------------------------------------

Upgrade Log for IP 'design_1_ilmb_bram_if_cntlr_0'

1. Summary
----------

SUCCESS in the upgrade of design_1_ilmb_bram_if_cntlr_0 (xilinx.com:ip:lmb_bram_if_cntlr:4.0) from (Rev. 22) to (Rev. 23)

2. Upgrade messages
-------------------

Set parameter C_MASK1 to value 0x0000000000800000 (source 'default')
Set parameter C_MASK2 to value 0x0000000000800000 (source 'default')
Set parameter C_MASK3 to value 0x0000000000800000 (source 'default')






Copyright 1986-2022 Xilinx, Inc. All Rights Reserved. Copyright 2022-2023 Advanced Micro Devices, Inc. All Rights Reserved.
---------------------------------------------------------------------------------------------------------------------------------------------
| Tool Version : Vivado v.2023.2 (win64) Build 4029153 Fri Oct 13 20:14:34 MDT 2023
| Date         : Mon Mar 10 21:44:21 2025
| Host         : 3JBS003-098F running 64-bit major release  (build 9200)
| Command      : upgrade_ip
| Device       : xc7a200tsbg484-1
---------------------------------------------------------------------------------------------------------------------------------------------

Upgrade Log for IP 'design_1_dlmb_v10_0'

1. Summary
----------

SUCCESS in the upgrade of design_1_dlmb_v10_0 (xilinx.com:ip:lmb_v10:3.0) from (Rev. 12) to (Rev. 13)






Copyright 1986-2022 Xilinx, Inc. All Rights Reserved. Copyright 2022-2023 Advanced Micro Devices, Inc. All Rights Reserved.
---------------------------------------------------------------------------------------------------------------------------------------------
| Tool Version : Vivado v.2023.2 (win64) Build 4029153 Fri Oct 13 20:14:34 MDT 2023
| Date         : Mon Mar 10 21:44:21 2025
| Host         : 3JBS003-098F running 64-bit major release  (build 9200)
| Command      : upgrade_ip
| Device       : xc7a200tsbg484-1
---------------------------------------------------------------------------------------------------------------------------------------------

Upgrade Log for IP 'design_1_dlmb_bram_if_cntlr_0'

1. Summary
----------

SUCCESS in the upgrade of design_1_dlmb_bram_if_cntlr_0 (xilinx.com:ip:lmb_bram_if_cntlr:4.0) from (Rev. 22) to (Rev. 23)

2. Upgrade messages
-------------------

Set parameter C_MASK1 to value 0x0000000000800000 (source 'default')
Set parameter C_MASK2 to value 0x0000000000800000 (source 'default')
Set parameter C_MASK3 to value 0x0000000000800000 (source 'default')






Copyright 1986-2022 Xilinx, Inc. All Rights Reserved. Copyright 2022-2023 Advanced Micro Devices, Inc. All Rights Reserved.
---------------------------------------------------------------------------------------------------------------------------------------------
| Tool Version : Vivado v.2023.2 (win64) Build 4029153 Fri Oct 13 20:14:34 MDT 2023
| Date         : Mon Mar 10 21:44:21 2025
| Host         : 3JBS003-098F running 64-bit major release  (build 9200)
| Command      : upgrade_ip
| Device       : xc7a200tsbg484-1
---------------------------------------------------------------------------------------------------------------------------------------------

Upgrade Log for IP 'design_1_d_axi_i2s_audio_0_0'

1. Summary
----------

SUCCESS in the update of design_1_d_axi_i2s_audio_0_0 (digilentinc.com:user:d_axi_i2s_audio:2.0 (Rev. 51)) to current project options.






Copyright 1986-2022 Xilinx, Inc. All Rights Reserved. Copyright 2022-2023 Advanced Micro Devices, Inc. All Rights Reserved.
---------------------------------------------------------------------------------------------------------------------------------------------
| Tool Version : Vivado v.2023.2 (win64) Build 4029153 Fri Oct 13 20:14:34 MDT 2023
| Date         : Mon Mar 10 21:44:21 2025
| Host         : 3JBS003-098F running 64-bit major release  (build 9200)
| Command      : upgrade_ip
| Device       : xc7a200tsbg484-1
---------------------------------------------------------------------------------------------------------------------------------------------

Upgrade Log for IP 'design_1_axi_uartlite_0_0'

1. Summary
----------

SUCCESS in the upgrade of design_1_axi_uartlite_0_0 (xilinx.com:ip:axi_uartlite:2.0) from (Rev. 32) to (Rev. 33)






Copyright 1986-2022 Xilinx, Inc. All Rights Reserved. Copyright 2022-2023 Advanced Micro Devices, Inc. All Rights Reserved.
---------------------------------------------------------------------------------------------------------------------------------------------
| Tool Version : Vivado v.2023.2 (win64) Build 4029153 Fri Oct 13 20:14:34 MDT 2023
| Date         : Mon Mar 10 21:44:21 2025
| Host         : 3JBS003-098F running 64-bit major release  (build 9200)
| Command      : upgrade_ip
| Device       : xc7a200tsbg484-1
---------------------------------------------------------------------------------------------------------------------------------------------

Upgrade Log for IP 'design_1_axi_interconnect_0_0'

1. Summary
----------

SUCCESS in the upgrade of design_1_axi_interconnect_0_0 (xilinx.com:ip:axi_interconnect:2.1) from (Rev. 29) to (Rev. 30)






Copyright 1986-2022 Xilinx, Inc. All Rights Reserved. Copyright 2022-2023 Advanced Micro Devices, Inc. All Rights Reserved.
---------------------------------------------------------------------------------------------------------------------------------------------
| Tool Version : Vivado v.2023.2 (win64) Build 4029153 Fri Oct 13 20:14:34 MDT 2023
| Date         : Mon Mar 10 21:44:21 2025
| Host         : 3JBS003-098F running 64-bit major release  (build 9200)
| Command      : upgrade_ip
| Device       : xc7a200tsbg484-1
---------------------------------------------------------------------------------------------------------------------------------------------

Upgrade Log for IP 'design_1_axi_iic_0_0'

1. Summary
----------

SUCCESS in the upgrade of design_1_axi_iic_0_0 (xilinx.com:ip:axi_iic:2.1) from (Rev. 4) to (Rev. 5)






Copyright 1986-2022 Xilinx, Inc. All Rights Reserved. Copyright 2022-2023 Advanced Micro Devices, Inc. All Rights Reserved.
---------------------------------------------------------------------------------------------------------------------------------------------
| Tool Version : Vivado v.2023.2 (win64) Build 4029153 Fri Oct 13 20:14:34 MDT 2023
| Date         : Mon Mar 10 21:44:21 2025
| Host         : 3JBS003-098F running 64-bit major release  (build 9200)
| Command      : upgrade_ip
| Device       : xc7a200tsbg484-1
---------------------------------------------------------------------------------------------------------------------------------------------

Upgrade Log for IP 'design_1_axi_gpio_0_0'

1. Summary
----------

SUCCESS in the upgrade of design_1_axi_gpio_0_0 (xilinx.com:ip:axi_gpio:2.0) from (Rev. 30) to (Rev. 31)






Copyright 1986-2022 Xilinx, Inc. All Rights Reserved. Copyright 2022-2023 Advanced Micro Devices, Inc. All Rights Reserved.
---------------------------------------------------------------------------------------------------------------------------------------------
| Tool Version : Vivado v.2023.2 (win64) Build 4029153 Fri Oct 13 20:14:34 MDT 2023
| Date         : Mon Mar 10 21:44:21 2025
| Host         : 3JBS003-098F running 64-bit major release  (build 9200)
| Command      : upgrade_ip
| Device       : xc7a200tsbg484-1
---------------------------------------------------------------------------------------------------------------------------------------------

Upgrade Log for IP 'design_1_axi_dma_0_0'

1. Summary
----------

SUCCESS in the upgrade of design_1_axi_dma_0_0 (xilinx.com:ip:axi_dma:7.1) from (Rev. 29) to (Rev. 30)

